[00:59:50] [Client thread/INFO]: Setting user: Player620
[00:59:53] [Client thread/INFO]: LWJGL Version: 2.9.1
[00:59:56] [Client thread/INFO]: Reloading ResourceManager: Default, FMLFileResourcePack:Forge Mod Loader, FMLFileResourcePack:Minecraft Forge, FMLFileResourcePack:Vanilla-Inspired Teleporters
[00:59:57] [Client thread/ERROR]: Couldn't initialize twitch stream
[00:59:57] [Sound Library Loader/INFO]: Starting up SoundSystem...
[00:59:57] [Thread-9/INFO]: Initializing LWJGL OpenAL
[00:59:57] [Thread-9/INFO]: (The LWJGL binding of OpenAL.  For more information, see http://www.lwjgl.org)
[00:59:57] [Thread-9/INFO]: OpenAL initialized.
[00:59:57] [Sound Library Loader/INFO]: Sound engine started
[01:00:00] [Client thread/INFO]: Created: 16x16 textures-atlas
[01:00:01] [Client thread/INFO]: Reloading ResourceManager: Default, FMLFileResourcePack:Forge Mod Loader, FMLFileResourcePack:Minecraft Forge, FMLFileResourcePack:Vanilla-Inspired Teleporters
[01:00:02] [Client thread/INFO]: SoundSystem shutting down...
[01:00:02] [Client thread/WARN]: Author: Paul Lamb, www.paulscode.com
[01:00:02] [Sound Library Loader/INFO]: Starting up SoundSystem...
[01:00:02] [Thread-11/INFO]: Initializing LWJGL OpenAL
[01:00:02] [Thread-11/INFO]: (The LWJGL binding of OpenAL.  For more information, see http://www.lwjgl.org)
[01:00:02] [Thread-11/INFO]: OpenAL initialized.
[01:00:02] [Sound Library Loader/INFO]: Sound engine started
[01:00:04] [Client thread/INFO]: Created: 512x512 textures-atlas
[01:00:15] [Client thread/INFO]: Deleting level New World
[01:00:15] [Client thread/INFO]: Attempt 1...
[01:00:23] [Server thread/INFO]: Starting integrated minecraft server version 1.8
[01:00:23] [Server thread/INFO]: Generating keypair
[01:00:23] [Server thread/INFO]: Converting map!
[01:00:23] [Server thread/INFO]: Scanning folders...
[01:00:23] [Server thread/INFO]: Total conversion count is 0
[01:00:24] [Server thread/INFO]: Preparing start region for level 0
[01:00:25] [Server thread/INFO]: Preparing spawn area: 5%
[01:00:26] [Server thread/INFO]: Preparing spawn area: 10%
[01:00:27] [Server thread/INFO]: Preparing spawn area: 20%
[01:00:28] [Server thread/INFO]: Preparing spawn area: 30%
[01:00:29] [Server thread/INFO]: Preparing spawn area: 40%
[01:00:30] [Server thread/INFO]: Preparing spawn area: 52%
[01:00:31] [Server thread/INFO]: Preparing spawn area: 63%
[01:00:32] [Server thread/INFO]: Preparing spawn area: 75%
[01:00:33] [Server thread/INFO]: Preparing spawn area: 87%
[01:00:34] [Server thread/INFO]: Preparing spawn area: 96%
[01:00:34] [Server thread/INFO]: Changing view distance to 12, from 10
[01:00:35] [Server thread/INFO]: Player620[local:E:3cedf922] logged in with entity id 363 at (-54.5, 71.0, 243.5)
[01:00:35] [Server thread/INFO]: Player620 joined the game
[01:00:38] [Server thread/WARN]: Can't keep up! Did the system time change, or is the server overloaded? Running 3410ms behind, skipping 68 tick(s)
[01:00:46] [Server thread/INFO]: Player620 has just earned the achievement [Taking Inventory]
[01:00:46] [Client thread/INFO]: [CHAT] Player620 has just earned the achievement [Taking Inventory]
[01:00:54] [Server thread/WARN]: Can't keep up! Did the system time change, or is the server overloaded? Running 2187ms behind, skipping 43 tick(s)
[01:01:56] [Server thread/WARN]: Can't keep up! Did the system time change, or is the server overloaded? Running 12104ms behind, skipping 242 tick(s)
[01:02:18] [Server thread/WARN]: Can't keep up! Did the system time change, or is the server overloaded? Running 6922ms behind, skipping 138 tick(s)
[01:02:48] [Server thread/INFO]: Saving and pausing game...
[01:02:48] [Server thread/INFO]: Saving chunks for level 'New World'/Overworld
[01:02:48] [Server thread/INFO]: Saving chunks for level 'New World'/Nether
[01:02:48] [Server thread/INFO]: Saving chunks for level 'New World'/The End
[01:02:51] [Server thread/INFO]: Stopping server
[01:02:51] [Server thread/INFO]: Saving players
[01:02:51] [Server thread/INFO]: Saving worlds
[01:02:51] [Server thread/INFO]: Saving chunks for level 'New World'/Overworld
[01:02:51] [Server thread/INFO]: Saving chunks for level 'New World'/Nether
[01:02:51] [Server thread/INFO]: Saving chunks for level 'New World'/The End
[01:02:54] [Client thread/INFO]: Stopping!
[01:02:54] [Client thread/INFO]: SoundSystem shutting down...
[01:02:54] [Client thread/WARN]: Author: Paul Lamb, www.paulscode.com
